<?xml version="1.0" encoding="UTF-8"?>
<!-- Generated by org.testng.reporters.JUnitReportReporter -->
<testsuite skipped="0" hostname="DESKTOP-30GL0O0" name="com.qa.testproj.Tests.ProductInfoPageTest" tests="1" failures="0" timestamp="2022-06-01T15:54:45 IST" time="3.255" errors="0">
  <testcase name="verifyProductInfoTest" time="3.255" classname="com.qa.testproj.Tests.ProductInfoPageTest"/>
  <system-out/>
</testsuite> <!-- com.qa.testproj.Tests.ProductInfoPageTest -->
